<?xml version="1.0" encoding="UTF-8"?>
<!-- Generated by org.testng.reporters.JUnitXMLReporter -->
<testsuite ignored="0" hostname="DESKTOP-DTAOF7I" failures="0" tests="6" name="Chrome Tests" time="31.904" errors="0" timestamp="2024-10-30T03:41:23 GMT-07:00">
  <testcase classname="com.test.automation.tests.HomePageTestNew" name="addProductTCart" time="7.016"/>
  <testcase classname="com.test.automation.tests.HomePageTest" name="addProductTCart" time="7.216"/>
  <testcase classname="com.test.automation.tests.LoginTest" name="testSuccessfulLogin" time="7.722"/>
  <testcase classname="com.test.automation.tests.LoginTestNew" name="testSuccessfulLogin" time="8.167"/>
  <testcase classname="com.test.automation.tests.HomePageTestNew" name="addProductTCart1" time="2.097"/>
  <testcase classname="com.test.automation.tests.HomePageTest" name="addProductTCart1" time="1.303"/>
</testsuite> <!-- Chrome Tests -->
