<?xml version="1.0" encoding="UTF-8"?>
<!-- Generated by org.testng.reporters.JUnitXMLReporter -->
<testsuite ignored="0" hostname="DESKTOP-DTAOF7I" failures="0" tests="6" name="Chrome Tests" time="28.955" errors="0" timestamp="2024-10-30T01:32:06 GMT-07:00">
  <testcase classname="com.test.automation.tests.HomePageTest" name="addProductTCart" time="4.605"/>
  <testcase classname="com.test.automation.tests.HomePageTestNew" name="addProductTCart" time="6.687"/>
  <testcase classname="com.test.automation.tests.LoginTestNew" name="testSuccessfulLogin" time="4.858"/>
  <testcase classname="com.test.automation.tests.LoginTest" name="testSuccessfulLogin" time="9.51"/>
  <testcase classname="com.test.automation.tests.HomePageTest" name="addProductTCart1" time="0.99"/>
  <testcase classname="com.test.automation.tests.HomePageTestNew" name="addProductTCart1" time="1.184"/>
</testsuite> <!-- Chrome Tests -->
