<?xml version="1.0" encoding="UTF-8"?>
<!-- Generated by org.testng.reporters.JUnitXMLReporter -->
<testsuite ignored="0" hostname="DESKTOP-DTAOF7I" failures="0" tests="3" name="Firefox Tests" time="11.512" errors="0" timestamp="2024-10-30T01:32:18 GMT-07:00">
  <testcase classname="com.test.automation.tests.HomePageTest" name="addProductTCart" time="1.036"/>
  <testcase classname="com.test.automation.tests.LoginTest" name="testSuccessfulLogin" time="5.206"/>
  <testcase classname="com.test.automation.tests.HomePageTest" name="addProductTCart1" time="0.742"/>
</testsuite> <!-- Firefox Tests -->
