<?xml version="1.0" encoding="UTF-8"?>
<!-- Generated by org.testng.reporters.JUnitXMLReporter -->
<testsuite ignored="0" hostname="DESKTOP-DTAOF7I" failures="0" tests="3" name="Firefox Tests" time="10.792" errors="0" timestamp="2024-10-30T03:41:34 GMT-07:00">
  <testcase classname="com.test.automation.tests.HomePageTest" name="addProductTCart" time="2.133"/>
  <testcase classname="com.test.automation.tests.LoginTest" name="testSuccessfulLogin" time="3.656"/>
  <testcase classname="com.test.automation.tests.HomePageTest" name="addProductTCart1" time="1.164"/>
</testsuite> <!-- Firefox Tests -->
