<?xml version="1.0" encoding="UTF-8"?>
<testsuite xmlns:xsi="http://www.w3.org/2001/XMLSchema-instance" xsi:noNamespaceSchemaLocation="https://maven.apache.org/surefire/maven-surefire-plugin/xsd/surefire-test-report-3.0.xsd" version="3.0" name="TestSuite" time="45.39" tests="9" errors="0" skipped="0" failures="0">
  <properties>
[...]
</properties>
  <testcase name="addProductTCart" classname="com.test.automation.tests.HomePageTest" time="2.048">
    <system-out><![CDATA[01:31:33.731 [main] DEBUG org.testng.TestNG - suiteXmlPath: "F:\seleniumtestframework\testng.xml"
01:31:46.329 [TestNG-test=Chrome Tests-1] INFO  com.test.automation.driver.DriverFactory - Created new chrome driver instance
01:31:48.363 [TestNG-test=Chrome Tests-3] INFO  com.test.automation.driver.DriverFactory - Created new chrome driver instance
01:31:48.365 [TestNG-test=Chrome Tests-2] INFO  com.test.automation.driver.DriverFactory - Created new chrome driver instance
01:31:48.615 [TestNG-test=Chrome Tests-1] INFO  com.test.automation.tests.BaseTest - Started test with URL...: https://askomdch.com/
01:31:50.061 [TestNG-test=Chrome Tests-4] INFO  com.test.automation.driver.DriverFactory - Created new chrome driver instance
01:31:50.397 [TestNG-test=Chrome Tests-3] INFO  com.test.automation.tests.BaseTest - Started test with URL...: https://askomdch.com/
01:31:50.644 [TestNG-test=Chrome Tests-2] INFO  com.test.automation.tests.BaseTest - Started test with URL...: https://askomdch.com/
01:31:53.230 [TestNG-test=Chrome Tests-1] INFO  com.test.automation.utils.CredentialsLoader - Retrieved Username... : rayroshn@gmail.com
01:31:53.231 [TestNG-test=Chrome Tests-1] INFO  com.test.automation.utils.CredentialsLoader - Retrieved Password... : JFRoaW5haXIzMjE=
01:31:53.234 [TestNG-test=Chrome Tests-1] INFO  com.test.automation.tests.LoginTest - loader.getUsername() = rayroshn@gmail.com
01:31:53.287 [TestNG-test=Chrome Tests-4] INFO  com.test.automation.tests.BaseTest - Started test with URL...: https://askomdch.com/
01:31:53.300 [TestNG-test=Chrome Tests-4] INFO  com.test.automation.utils.CredentialsLoader - Retrieved Username... : rayroshn@gmail.com
01:31:53.300 [TestNG-test=Chrome Tests-4] INFO  com.test.automation.utils.CredentialsLoader - Retrieved Password... : JFRoaW5haXIzMjE=
01:31:53.300 [TestNG-test=Chrome Tests-4] INFO  com.test.automation.tests.LoginTestNew - loader.getUsername() = rayroshn@gmail.com
01:31:54.510 [TestNG-test=Chrome Tests-2] INFO  com.test.automation.actions.WebActions - Clicked element: By.xpath: //div[@class="main-navigation ast-inline-flex"]//ul[@id="ast-hf-menu-1"]//li//a[text() = 'Home']
formattedXPath = //h2[text()='Denim Blue Jeans']/ancestor::div[contains(@class, 'astra-shop-summary-wrap')]//a[contains(@class, 'add_to_cart_button')]
01:31:54.881 [TestNG-test=Chrome Tests-4] INFO  com.test.automation.actions.WebActions - Clicked element: By.xpath: //li[@id='menu-item-1237']//a[@class='menu-link'][normalize-space()='Account']
01:31:55.000 [TestNG-test=Chrome Tests-1] INFO  com.test.automation.actions.WebActions - Clicked element: By.xpath: //li[@id='menu-item-1237']//a[@class='menu-link'][normalize-space()='Account']
01:31:55.272 [TestNG-test=Chrome Tests-2] INFO  com.test.automation.actions.WebActions - Clicked 'Add to Cart' button for product: Denim Blue Jeans
]]></system-out>
    <system-err><![CDATA[Oct 30, 2024 1:31:45 AM org.openqa.selenium.devtools.CdpVersionFinder findNearestMatch
WARNING: Unable to find CDP implementation matching 130
Oct 30, 2024 1:31:45 AM org.openqa.selenium.chromium.ChromiumDriver lambda$new$5
WARNING: Unable to find version of CDP to use for 130.0.6723.70. You may need to include a dependency on a specific version of the CDP using something similar to `org.seleniumhq.selenium:selenium-devtools-v86:4.21.0` where the version ("v86") matches the version of the chromium-based browser you're using and the version number of the artifact is the same as Selenium's.
Oct 30, 2024 1:31:46 AM org.openqa.selenium.devtools.CdpVersionFinder findNearestMatch
WARNING: Unable to find CDP implementation matching 130
Oct 30, 2024 1:31:46 AM org.openqa.selenium.chromium.ChromiumDriver lambda$new$5
WARNING: Unable to find version of CDP to use for 130.0.6723.70. You may need to include a dependency on a specific version of the CDP using something similar to `org.seleniumhq.selenium:selenium-devtools-v86:4.21.0` where the version ("v86") matches the version of the chromium-based browser you're using and the version number of the artifact is the same as Selenium's.
Oct 30, 2024 1:31:46 AM org.openqa.selenium.devtools.CdpVersionFinder findNearestMatch
WARNING: Unable to find CDP implementation matching 130
Oct 30, 2024 1:31:46 AM org.openqa.selenium.chromium.ChromiumDriver lambda$new$5
WARNING: Unable to find version of CDP to use for 130.0.6723.70. You may need to include a dependency on a specific version of the CDP using something similar to `org.seleniumhq.selenium:selenium-devtools-v86:4.21.0` where the version ("v86") matches the version of the chromium-based browser you're using and the version number of the artifact is the same as Selenium's.
Oct 30, 2024 1:31:46 AM org.openqa.selenium.devtools.CdpVersionFinder findNearestMatch
WARNING: Unable to find CDP implementation matching 130
Oct 30, 2024 1:31:46 AM org.openqa.selenium.chromium.ChromiumDriver lambda$new$5
WARNING: Unable to find version of CDP to use for 130.0.6723.70. You may need to include a dependency on a specific version of the CDP using something similar to `org.seleniumhq.selenium:selenium-devtools-v86:4.21.0` where the version ("v86") matches the version of the chromium-based browser you're using and the version number of the artifact is the same as Selenium's.
]]></system-err>
  </testcase>
  <testcase name="addProductTCart" classname="com.test.automation.tests.HomePageTest" time="1.081">
    <system-out><![CDATA[01:32:06.695 [TestNG-test=Chrome Tests-2] INFO  com.test.automation.driver.DriverFactory - Quit driver instance
01:32:06.793 [TestNG-test=Chrome Tests-3] INFO  com.test.automation.driver.DriverFactory - Quit driver instance
01:32:10.308 [TestNG-test=Firefox Tests-1] INFO  com.test.automation.driver.DriverFactory - Created new chrome driver instance
01:32:10.401 [TestNG-test=Firefox Tests-2] INFO  com.test.automation.driver.DriverFactory - Created new chrome driver instance
01:32:10.831 [TestNG-test=Firefox Tests-1] INFO  com.test.automation.tests.BaseTest - Started test with URL...: https://askomdch.com/
01:32:10.857 [TestNG-test=Firefox Tests-1] INFO  com.test.automation.utils.CredentialsLoader - Retrieved Username... : rayroshn@gmail.com
01:32:10.857 [TestNG-test=Firefox Tests-1] INFO  com.test.automation.utils.CredentialsLoader - Retrieved Password... : JFRoaW5haXIzMjE=
01:32:10.858 [TestNG-test=Firefox Tests-1] INFO  com.test.automation.tests.LoginTest - loader.getUsername() = rayroshn@gmail.com
01:32:12.075 [TestNG-test=Firefox Tests-2] INFO  com.test.automation.tests.BaseTest - Started test with URL...: https://askomdch.com/
01:32:12.666 [TestNG-test=Firefox Tests-2] INFO  com.test.automation.actions.WebActions - Clicked element: By.xpath: //div[@class="main-navigation ast-inline-flex"]//ul[@id="ast-hf-menu-1"]//li//a[text() = 'Home']
formattedXPath = //h2[text()='Denim Blue Jeans']/ancestor::div[contains(@class, 'astra-shop-summary-wrap')]//a[contains(@class, 'add_to_cart_button')]
01:32:13.115 [TestNG-test=Firefox Tests-2] INFO  com.test.automation.actions.WebActions - Clicked 'Add to Cart' button for product: Denim Blue Jeans
]]></system-out>
    <system-err><![CDATA[Oct 30, 2024 1:32:10 AM org.openqa.selenium.devtools.CdpVersionFinder findNearestMatch
WARNING: Unable to find CDP implementation matching 130
Oct 30, 2024 1:32:10 AM org.openqa.selenium.chromium.ChromiumDriver lambda$new$5
WARNING: Unable to find version of CDP to use for 130.0.6723.70. You may need to include a dependency on a specific version of the CDP using something similar to `org.seleniumhq.selenium:selenium-devtools-v86:4.21.0` where the version ("v86") matches the version of the chromium-based browser you're using and the version number of the artifact is the same as Selenium's.
Oct 30, 2024 1:32:10 AM org.openqa.selenium.devtools.CdpVersionFinder findNearestMatch
WARNING: Unable to find CDP implementation matching 130
Oct 30, 2024 1:32:10 AM org.openqa.selenium.chromium.ChromiumDriver lambda$new$5
WARNING: Unable to find version of CDP to use for 130.0.6723.70. You may need to include a dependency on a specific version of the CDP using something similar to `org.seleniumhq.selenium:selenium-devtools-v86:4.21.0` where the version ("v86") matches the version of the chromium-based browser you're using and the version number of the artifact is the same as Selenium's.
]]></system-err>
  </testcase>
  <testcase name="addProductTCart1" classname="com.test.automation.tests.HomePageTest" time="0.543">
    <system-out><![CDATA[01:31:59.217 [TestNG-test=Chrome Tests-3] INFO  com.test.automation.driver.DriverFactory - Quit driver instance
01:31:59.387 [TestNG-test=Chrome Tests-2] INFO  com.test.automation.driver.DriverFactory - Quit driver instance
01:31:59.652 [TestNG-test=Chrome Tests-1] INFO  com.test.automation.driver.DriverFactory - Quit driver instance
01:31:59.926 [TestNG-test=Chrome Tests-4] INFO  com.test.automation.driver.DriverFactory - Quit driver instance
01:32:02.204 [TestNG-test=Chrome Tests-2] INFO  com.test.automation.driver.DriverFactory - Created new chrome driver instance
01:32:02.534 [TestNG-test=Chrome Tests-3] INFO  com.test.automation.driver.DriverFactory - Created new chrome driver instance
01:32:04.220 [TestNG-test=Chrome Tests-2] INFO  com.test.automation.tests.BaseTest - Started test with URL...: https://askomdch.com/
01:32:04.693 [TestNG-test=Chrome Tests-3] INFO  com.test.automation.tests.BaseTest - Started test with URL...: https://askomdch.com/
01:32:04.904 [TestNG-test=Chrome Tests-2] INFO  com.test.automation.actions.WebActions - Clicked element: By.xpath: //div[@class="main-navigation ast-inline-flex"]//ul[@id="ast-hf-menu-1"]//li//a[text() = 'Home']
formattedXPath = //h2[text()='Denim Blue Jeans']/ancestor::div[contains(@class, 'astra-shop-summary-wrap')]//a[contains(@class, 'add_to_cart_button')]
01:32:05.209 [TestNG-test=Chrome Tests-2] INFO  com.test.automation.actions.WebActions - Clicked 'Add to Cart' button for product: Denim Blue Jeans
]]></system-out>
    <system-err><![CDATA[Oct 30, 2024 1:32:02 AM org.openqa.selenium.devtools.CdpVersionFinder findNearestMatch
WARNING: Unable to find CDP implementation matching 130
Oct 30, 2024 1:32:02 AM org.openqa.selenium.chromium.ChromiumDriver lambda$new$5
WARNING: Unable to find version of CDP to use for 130.0.6723.70. You may need to include a dependency on a specific version of the CDP using something similar to `org.seleniumhq.selenium:selenium-devtools-v86:4.21.0` where the version ("v86") matches the version of the chromium-based browser you're using and the version number of the artifact is the same as Selenium's.
Oct 30, 2024 1:32:02 AM org.openqa.selenium.devtools.CdpVersionFinder findNearestMatch
WARNING: Unable to find CDP implementation matching 130
Oct 30, 2024 1:32:02 AM org.openqa.selenium.chromium.ChromiumDriver lambda$new$5
WARNING: Unable to find version of CDP to use for 130.0.6723.70. You may need to include a dependency on a specific version of the CDP using something similar to `org.seleniumhq.selenium:selenium-devtools-v86:4.21.0` where the version ("v86") matches the version of the chromium-based browser you're using and the version number of the artifact is the same as Selenium's.
]]></system-err>
  </testcase>
  <testcase name="addProductTCart1" classname="com.test.automation.tests.HomePageTest" time="0.76">
    <system-out><![CDATA[01:32:17.090 [TestNG-test=Firefox Tests-2] INFO  com.test.automation.tests.BaseTest - Started test with URL...: https://askomdch.com/
01:32:17.607 [TestNG-test=Firefox Tests-2] INFO  com.test.automation.actions.WebActions - Clicked element: By.xpath: //div[@class="main-navigation ast-inline-flex"]//ul[@id="ast-hf-menu-1"]//li//a[text() = 'Home']
formattedXPath = //h2[text()='Denim Blue Jeans']/ancestor::div[contains(@class, 'astra-shop-summary-wrap')]//a[contains(@class, 'add_to_cart_button')]
01:32:17.707 [TestNG-test=Firefox Tests-1] INFO  com.test.automation.driver.DriverFactory - Quit driver instance
01:32:17.840 [TestNG-test=Firefox Tests-2] INFO  com.test.automation.actions.WebActions - Clicked 'Add to Cart' button for product: Denim Blue Jeans
]]></system-out>
  </testcase>
  <testcase name="addProductTCart" classname="com.test.automation.tests.HomePageTestNew" time="3.832">
    <system-out><![CDATA[01:31:56.176 [TestNG-test=Chrome Tests-3] INFO  com.test.automation.actions.WebActions - Clicked element: By.xpath: //div[@class="main-navigation ast-inline-flex"]//ul[@id="ast-hf-menu-1"]//li//a[text() = 'Home']
formattedXPath = //h2[text()='Denim Blue Jeans']/ancestor::div[contains(@class, 'astra-shop-summary-wrap')]//a[contains(@class, 'add_to_cart_button')]
01:31:57.090 [TestNG-test=Chrome Tests-3] INFO  com.test.automation.actions.WebActions - Clicked 'Add to Cart' button for product: Denim Blue Jeans
]]></system-out>
  </testcase>
  <testcase name="addProductTCart1" classname="com.test.automation.tests.HomePageTestNew" time="1.184">
    <system-out><![CDATA[01:32:05.677 [TestNG-test=Chrome Tests-3] INFO  com.test.automation.actions.WebActions - Clicked element: By.xpath: //div[@class="main-navigation ast-inline-flex"]//ul[@id="ast-hf-menu-1"]//li//a[text() = 'Home']
formattedXPath = //h2[text()='Denim Blue Jeans']/ancestor::div[contains(@class, 'astra-shop-summary-wrap')]//a[contains(@class, 'add_to_cart_button')]
01:32:05.874 [TestNG-test=Chrome Tests-3] INFO  com.test.automation.actions.WebActions - Clicked 'Add to Cart' button for product: Denim Blue Jeans
]]></system-out>
  </testcase>
  <testcase name="testSuccessfulLogin" classname="com.test.automation.tests.LoginTestNew" time="4.85">
    <system-out><![CDATA[01:31:58.027 [TestNG-test=Chrome Tests-4] INFO  com.test.automation.actions.WebActions - Clicked element: By.xpath: //button[normalize-space()='Log in']
01:31:58.140 [TestNG-test=Chrome Tests-4] INFO  com.test.automation.actions.WebActions - Retrieved text: Logout
]]></system-out>
  </testcase>
  <testcase name="testSuccessfulLogin" classname="com.test.automation.tests.LoginTest" time="5.471">
    <system-out><![CDATA[01:31:58.630 [TestNG-test=Chrome Tests-1] INFO  com.test.automation.actions.WebActions - Clicked element: By.xpath: //button[normalize-space()='Log in']
01:31:58.768 [TestNG-test=Chrome Tests-1] INFO  com.test.automation.actions.WebActions - Retrieved text: Logout
]]></system-out>
  </testcase>
  <testcase name="testSuccessfulLogin" classname="com.test.automation.tests.LoginTest" time="3.978">
    <system-out><![CDATA[01:32:13.189 [TestNG-test=Firefox Tests-1] INFO  com.test.automation.actions.WebActions - Clicked element: By.xpath: //li[@id='menu-item-1237']//a[@class='menu-link'][normalize-space()='Account']
01:32:13.815 [TestNG-test=Firefox Tests-2] INFO  com.test.automation.driver.DriverFactory - Quit driver instance
01:32:15.860 [TestNG-test=Firefox Tests-1] INFO  com.test.automation.actions.WebActions - Clicked element: By.xpath: //button[normalize-space()='Log in']
01:32:16.054 [TestNG-test=Firefox Tests-1] INFO  com.test.automation.actions.WebActions - Retrieved text: Logout
01:32:16.054 [TestNG-test=Firefox Tests-2] INFO  com.test.automation.driver.DriverFactory - Created new chrome driver instance
]]></system-out>
    <system-err><![CDATA[Oct 30, 2024 1:32:15 AM org.openqa.selenium.devtools.CdpVersionFinder findNearestMatch
WARNING: Unable to find CDP implementation matching 130
Oct 30, 2024 1:32:15 AM org.openqa.selenium.chromium.ChromiumDriver lambda$new$5
WARNING: Unable to find version of CDP to use for 130.0.6723.70. You may need to include a dependency on a specific version of the CDP using something similar to `org.seleniumhq.selenium:selenium-devtools-v86:4.21.0` where the version ("v86") matches the version of the chromium-based browser you're using and the version number of the artifact is the same as Selenium's.
]]></system-err>
  </testcase>
</testsuite>